Log file open, 10/11/17 14:18:44
LogWindows: Failed to load 'aqProf.dll' (GetLastError=126)
LogWindows: File 'aqProf.dll' does not exist
LogWindows: Failed to load 'VSPerf140.dll' (GetLastError=126)
LogWindows: File 'VSPerf140.dll' does not exist
LogWindows: Failed to load 'VtuneApi.dll' (GetLastError=126)
LogWindows: File 'VtuneApi.dll' does not exist
LogWindows: Failed to load 'VtuneApi32e.dll' (GetLastError=126)
LogWindows: File 'VtuneApi32e.dll' does not exist
LogInit: Display: Running engine for game: FPSGame
LogInit: Display: Project file not found: ../../../FPSGame/FPSGame.uproject
LogInit: Display: 	Attempting to find via project info helper.
LogUProjectInfo: Found projects:
LogPlatformFile: Not using cached read wrapper
LogInit: Display: RandInit(79659101) SRandInit(79659101).
LogTaskGraph: Started task graph with 5 named threads and 14 total threads with 3 sets of task threads.
LogStats: Stats thread started at 0.142186
LogD3D11RHI: Aftermath initialized
LogPluginManager: Mounting plugin Paper2D
LogPluginManager: Mounting plugin OculusVR
LogPluginManager: Mounting plugin AndroidPermission
LogPluginManager: Mounting plugin ArchVisCharacter
LogPluginManager: Mounting plugin CableComponent
LogPluginManager: Mounting plugin CustomMeshComponent
LogPluginManager: Mounting plugin ExampleDeviceProfileSelector
LogPluginManager: Mounting plugin ImmediatePhysics
LogPluginManager: Mounting plugin LocationServicesBPLibrary
LogPluginManager: Mounting plugin MobilePatchingUtils
LogPluginManager: Mounting plugin PhysXVehicles
LogPluginManager: Mounting plugin ProceduralMeshComponent
LogPluginManager: Mounting plugin RuntimePhysXCooking
LogPluginManager: Mounting plugin SteamVR
LogPluginManager: Mounting plugin WindowsMoviePlayer
LogPluginManager: Mounting plugin LightPropagationVolume
LogPluginManager: Mounting plugin FacialAnimation
LogPluginManager: Mounting plugin CharacterAI
LogPluginManager: Mounting plugin HTML5Networking
LogPluginManager: Mounting plugin AndroidMedia
LogPluginManager: Mounting plugin AvfMedia
LogPluginManager: Mounting plugin WmfMedia
LogPluginManager: Mounting plugin TcpMessaging
LogPluginManager: Mounting plugin UdpMessaging
LogPluginManager: Mounting plugin OnlineSubsystem
LogPluginManager: Mounting plugin OnlineSubsystemNull
LogPluginManager: Mounting plugin OnlineSubsystemSteam
LogPluginManager: Mounting plugin OnlineSubsystemUtils
LogPluginManager: Mounting plugin AdvancedSessions
LogInit: Using libcurl 7.47.1
LogInit:  - built for x86_64-pc-win32
LogInit:  - supports SSL with OpenSSL/1.0.2g
LogInit:  - supports HTTP deflate (compression) using libz 1.2.8
LogInit:  - other features:
LogInit:      CURL_VERSION_SSL
LogInit:      CURL_VERSION_LIBZ
LogInit:      CURL_VERSION_IPV6
LogInit:      CURL_VERSION_ASYNCHDNS
LogInit:      CURL_VERSION_LARGEFILE
LogInit:      CURL_VERSION_IDN
LogInit:  CurlRequestOptions (configurable via config and command line):
LogInit:  - bVerifyPeer = false  - Libcurl will NOT verify peer certificate
LogInit:  - bUseHttpProxy = false  - Libcurl will NOT use HTTP proxy
LogInit:  - bDontReuseConnections = false  - Libcurl will reuse connections
LogInit:  - CertBundlePath = nullptr  - Libcurl will use whatever was configured at build time.
LogOnline: Display: STEAM: Loading Steam SDK 1.39
LogInit: WinSock: version 1.1 (2.2), MaxSocks=32767, MaxUdp=65467
LogInit: Build: ++UE4+Release-4.17-CL-3658906
LogInit: Engine Version: 4.17.2-3658906+++UE4+Release-4.17
LogInit: Compatible Engine Version: 4.17.0-3573198+++UE4+Release-4.17
LogInit: Net CL: 3573198
LogDevObjectVersion: Number of dev versions registered: 16
LogDevObjectVersion:   Dev-Blueprints (B0D832E4-1F89-4F0D-ACCF-7EB736FD4AA2): 10
LogDevObjectVersion:   Dev-Build (E1C64328-A22C-4D53-A36C-8E866417BD8C): 0
LogDevObjectVersion:   Dev-Core (375EC13C-06E4-48FB-B500-84F0262A717E): 2
LogDevObjectVersion:   Dev-Editor (E4B068ED-F494-42E9-A231-DA0B2E46BB41): 20
LogDevObjectVersion:   Dev-Framework (CFFC743F-43B0-4480-9391-14DF171D2073): 28
LogDevObjectVersion:   Dev-Mobile (B02B49B5-BB20-44E9-A304-32B752E40360): 0
LogDevObjectVersion:   Dev-Networking (A4E4105C-59A1-49B5-A7C5-40C4547EDFEE): 0
LogDevObjectVersion:   Dev-Online (39C831C9-5AE6-47DC-9A44-9C173E1C8E7C): 0
LogDevObjectVersion:   Dev-Physics (78F01B33-EBEA-4F98-B9B4-84EACCB95AA2): 0
LogDevObjectVersion:   Dev-Platform (6631380F-2D4D-43E0-8009-CF276956A95A): 0
LogDevObjectVersion:   Dev-Rendering (12F88B9F-8875-4AFC-A67C-D90C383ABD29): 19
LogDevObjectVersion:   Dev-Sequencer (7B5AE74C-D270-4C10-A958-57980B212A5A): 4
LogDevObjectVersion:   Dev-VR (D7296918-1DD6-4BDD-9DE2-64A83CC13884): 0
LogDevObjectVersion:   Dev-LoadTimes (C2A15278-BFE7-4AFE-6C17-90FF531DF755): 1
LogDevObjectVersion:   Private-Geometry (6EACA3D4-40EC-4CC1-B786-8BED09428FC5): 1
LogDevObjectVersion:   Dev-AnimPhys (29E575DD-E0A3-4627-9D10-D276232CDCEA): 7
LogInit: Compiled (64-bit): Sep 22 2017 13:49:34
LogInit: Compiled with Visual C++: 19.00.24215.01
LogInit: Build Configuration: Development
LogInit: Branch Name: ++UE4+Release-4.17
LogInit: Command line:  
LogInit: Base directory: C:/Users/paul-/Desktop/ShooterLaunch/ShooterGame/WindowsNoEditor/FPSGame/Binaries/Win64/
LogInit: Installed Engine Build: 0
LogInit: Presizing for max 2097152 objects, including 0 objects not considered by GC, pre-allocating 0 bytes for permanent pool.
LogStreaming: Display: Async Loading initialized: Event Driven Loader: true, Async Loading Thread: false
LogInit: Object subsystem initialized
[2017.10.11-12.18.44:550][  0]LogInit: Selected Device Profile: [WindowsNoEditor]
[2017.10.11-12.18.44:550][  0]LogInit: Applying CVar settings loaded from the selected device profile: [WindowsNoEditor]
[2017.10.11-12.18.44:558][  0]LogInit: Computer: DESKTOP-0TJMG8F
[2017.10.11-12.18.44:558][  0]LogInit: User: paul
[2017.10.11-12.18.44:558][  0]LogInit: CPU Page size=4096, Cores=4
[2017.10.11-12.18.44:558][  0]LogInit: High frequency timer resolution =3.124096 MHz
[2017.10.11-12.18.44:558][  0]LogMemory: Memory total: Physical=15.9GB (16GB approx)
[2017.10.11-12.18.44:558][  0]LogMemory: Platform Memory Stats for WindowsNoEditor
[2017.10.11-12.18.44:558][  0]LogMemory: Process Physical Memory: 131.88 MB used, 132.13 MB peak
[2017.10.11-12.18.44:558][  0]LogMemory: Process Virtual Memory: 127.75 MB used, 127.75 MB peak
[2017.10.11-12.18.44:558][  0]LogMemory: Physical Memory: 6313.47 MB used,  10000.77 MB free, 16314.24 MB total
[2017.10.11-12.18.44:558][  0]LogMemory: Virtual Memory: 454.14 MB used,  10000.77 MB free, 134217728.00 MB total
[2017.10.11-12.18.44:617][  0]LogInit: Using OS detected language (de-DE).
[2017.10.11-12.18.44:617][  0]LogInit: Using OS detected locale (de-DE).
[2017.10.11-12.18.44:617][  0]LogTextLocalizationManager: No localization for 'de-DE' exists, so 'en' will be used for the language.
[2017.10.11-12.18.44:618][  0]LogTextLocalizationManager: No localization for 'de-DE' exists, so 'en' will be used for the locale.
[2017.10.11-12.18.44:869][  0]LogD3D11RHI: D3D11 adapters:
[2017.10.11-12.18.45:586][  0]LogD3D11RHI:    0. 'NVIDIA GeForce GTX 1070' (Feature Level 11_0)
[2017.10.11-12.18.45:586][  0]LogD3D11RHI:       8081/0/8157 MB DedicatedVideo/DedicatedSystem/SharedSystem, Outputs:2, VendorId:0x10de
[2017.10.11-12.18.45:592][  0]LogD3D11RHI:    1. 'Microsoft Basic Render Driver' (Feature Level 11_0)
[2017.10.11-12.18.45:592][  0]LogD3D11RHI:       0/0/8157 MB DedicatedVideo/DedicatedSystem/SharedSystem, Outputs:0, VendorId:0x1414
[2017.10.11-12.18.45:592][  0]LogD3D11RHI: Chosen D3D11 Adapter: 0
[2017.10.11-12.18.45:602][  0]LogD3D11RHI: Creating new Direct3DDevice
[2017.10.11-12.18.45:604][  0]LogD3D11RHI:     GPU DeviceId: 0x1b81 (for the marketing name, search the web for "GPU Device Id")
[2017.10.11-12.18.45:604][  0]LogWindows: EnumDisplayDevices:
[2017.10.11-12.18.45:604][  0]LogWindows:    0. 'NVIDIA GeForce GTX 1070' (P:1 D:1)
[2017.10.11-12.18.45:604][  0]LogWindows:    1. 'NVIDIA GeForce GTX 1070' (P:0 D:1)
[2017.10.11-12.18.45:605][  0]LogWindows:    2. 'NVIDIA GeForce GTX 1070' (P:0 D:0)
[2017.10.11-12.18.45:606][  0]LogWindows:    3. 'NVIDIA GeForce GTX 1070' (P:0 D:0)
[2017.10.11-12.18.45:606][  0]LogWindows: DebugString: FoundDriverCount:4 
[2017.10.11-12.18.45:606][  0]LogD3D11RHI:     Adapter Name: NVIDIA GeForce GTX 1070
[2017.10.11-12.18.45:606][  0]LogD3D11RHI:   Driver Version: 385.41 (internal:22.21.13.8541, unified:385.41)
[2017.10.11-12.18.45:606][  0]LogD3D11RHI:      Driver Date: 8-21-2017
[2017.10.11-12.18.45:606][  0]LogRHI: Texture pool is 1361 MB (70% of 1945 MB)
[2017.10.11-12.18.46:487][  0]LogD3D11RHI: Async texture creation enabled
[2017.10.11-12.18.46:514][  0]LogD3D11RHI: GPU Timing Frequency: 1000.000000 (Debug: 2 1)
[2017.10.11-12.18.46:577][  0]LogMaterial: Verifying Global Shaders for PCD3D_SM5
[2017.10.11-12.18.46:577][  0]LogSlate: Using Freetype 2.6.0
[2017.10.11-12.18.46:578][  0]LogSlate: SlateFontCache - WITH_FREETYPE: 1, WITH_HARFBUZZ: 1
[2017.10.11-12.18.46:578][  0]LogSlate: SlateFontCache - WITH_FREETYPE: 1, WITH_HARFBUZZ: 1
[2017.10.11-12.18.46:635][  0]LogAssetRegistry: FAssetRegistry took 0.0129 seconds to start up
[2017.10.11-12.18.46:729][  0]LogPackageLocalizationCache: Processed 5 localized package path(s) for 1 prioritized culture(s) in 0.003343 seconds
[2017.10.11-12.18.46:729][  0]LogPakFile: New pak file ../../../FPSGame/Content/Paks/FPSGame-WindowsNoEditor.pak added to pak precacher.
[2017.10.11-12.18.46:732][  0]LogInit: Selected Device Profile: [WindowsNoEditor]
[2017.10.11-12.18.46:739][  0]LogContentStreaming: Texture pool size is 1000.00 MB
[2017.10.11-12.18.46:781][  0]LogNetVersion: FPSGame , NetCL: 3573198, EngineNetVer: 2, GameNetVer: 0 (Checksum: 3581027628)
[2017.10.11-12.18.46:869][  0]LogMoviePlayer: Initializing movie player
[2017.10.11-12.18.46:972][  0]LogOcInput: OculusInput pre-init called
[2017.10.11-12.18.46:972][  0]LogAndroidPermission: UAndroidPermissionCallbackProxy::GetInstance
[2017.10.11-12.18.46:978][  0]LogUObjectArray: 31382 objects as part of root set at end of initial load.
[2017.10.11-12.18.46:978][  0]LogUObjectAllocator: 6403488 out of 0 bytes used by permanent object pool.
[2017.10.11-12.18.46:978][  0]LogUObjectArray: CloseDisregardForGC: 0/0 objects in disregard for GC pool
[2017.10.11-12.18.46:989][  0]LogEngine: Initializing Engine...
[2017.10.11-12.18.46:993][  0]LogHMD: Failed to initialize OpenVR with code 110
[2017.10.11-12.18.47:138][  0]LogStats: UGameplayTagsManager::ConstructGameplayTagTree: Construct from data asset -  0.000 s
[2017.10.11-12.18.47:138][  0]LogStats: UGameplayTagsManager::ConstructGameplayTagTree: GameplayTagTreeChangedEvent.Broadcast -  0.000 s
[2017.10.11-12.18.47:165][  0]LogInit: XAudio2 using 'Lautsprecher (High Definition Audio-Gerät)' : 2 channels at 48 kHz using 32 bits per sample (channel mask 0x3)
[2017.10.11-12.18.47:174][  0]LogInit: FAudioDevice initialized.
[2017.10.11-12.18.47:185][  0]LogInit: Texture streaming: Enabled
[2017.10.11-12.18.47:191][  0]LogInit: Display: Game Engine Initialized.
[2017.10.11-12.18.47:191][  0]LogGameplayTags: Display: UGameplayTagsManager::DoneAddingNativeTags. DelegateIsBound: 0
[2017.10.11-12.18.47:200][  0]LogInit: Display: Starting Game.
[2017.10.11-12.18.47:200][  0]LogNet: Browse: /Game/Maps/MainMenu/MainMenuMap?Name=Player
[2017.10.11-12.18.47:200][  0]LogLoad: LoadMap: /Game/Maps/MainMenu/MainMenuMap?Name=Player
[2017.10.11-12.18.47:211][  0]LogMemory: Platform Memory Stats for WindowsNoEditor
[2017.10.11-12.18.47:211][  0]LogMemory: Process Physical Memory: 273.21 MB used, 318.17 MB peak
[2017.10.11-12.18.47:211][  0]LogMemory: Process Virtual Memory: 364.92 MB used, 370.88 MB peak
[2017.10.11-12.18.47:211][  0]LogMemory: Physical Memory: 6493.38 MB used,  9820.87 MB free, 16314.24 MB total
[2017.10.11-12.18.47:211][  0]LogMemory: Virtual Memory: 876.58 MB used,  9820.87 MB free, 134217728.00 MB total
[2017.10.11-12.18.47:211][  0]LogMemory: 
[2017.10.11-12.18.47:211][  0]FMallocBinned2 Mem report
[2017.10.11-12.18.47:211][  0]Small Pool
[2017.10.11-12.18.47:211][  0]Requested Allocations: 24.190979mb  (including block size padding)
[2017.10.11-12.18.47:211][  0]OS Allocated: 27.562500mb
[2017.10.11-12.18.47:211][  0]Large Pool
[2017.10.11-12.18.47:211][  0]Requested Allocations: 68.206055mb
[2017.10.11-12.18.47:211][  0]OS Allocated: 68.875000mb
[2017.10.11-12.18.47:211][  0]OS Page Allocator
[2017.10.11-12.18.47:211][  0]Cached free pages: 0.000000mb
[2017.10.11-12.18.47:221][  0]LogAIModule: Creating AISystem for world MainMenuMap
[2017.10.11-12.18.47:221][  0]LogLoad: Game class is 'MenuGM_C'
[2017.10.11-12.18.47:224][  0]LogWorld: Bringing World /Game/Maps/MainMenu/MainMenuMap.MainMenuMap up for play (max tick rate 0) at 2017.10.11-14.18.47
[2017.10.11-12.18.47:224][  0]LogWorld: Bringing up level for play took: 0.000437
[2017.10.11-12.18.47:226][  0]LogUMG: Display: Widget Class BasicMenu_C - Loaded Fast Template.
[2017.10.11-12.18.47:227][  0]LogUMG: Display: Widget Class PlayerInterface_C - Loaded Fast Template.
[2017.10.11-12.18.47:228][  0]LogLoad: Took 0.027432 seconds to LoadMap(/Game/Maps/MainMenu/MainMenuMap)
[2017.10.11-12.18.47:229][  0]LogSlate: Took 0.000910 seconds to synchronously load lazily loaded font '../../../Engine/Content/EngineFonts/Faces/RobotoBold.ufont' (160K)
[2017.10.11-12.18.47:270][  0]LogLoad: (Engine Initialization) Total time: 3.36 seconds
[2017.10.11-12.18.47:270][  0]LogExternalProfiler: No external profilers were discovered.  External profiling features will not be available.
[2017.10.11-12.18.47:326][  2]LogRenderer: Reallocating scene render targets to support 1920x1200 Format 10 NumSamples 1 (Frame:1).
[2017.10.11-12.18.49:415][130]LogUMG: Display: Widget Class HostMenu_C - Loaded Fast Template.
[2017.10.11-12.18.49:417][130]LogSlate: Took 0.000969 seconds to synchronously load lazily loaded font '../../../Engine/Content/Slate/Fonts/Roboto-Regular.ttf' (155K)
[2017.10.11-12.18.52:965][350]LogNetVersion: FPSGame 1.0.0.0, NetCL: 3573198, EngineNetVer: 2, GameNetVer: 0 (Checksum: 3710948819)
[2017.10.11-12.18.52:978][350]LogInit: WinSock: I am DESKTOP-0TJMG8F (192.168.56.1:0)
[2017.10.11-12.18.52:985][350]LogBlueprintUserMessages: [MyGameInstance_C_0] Name: MyGame Players: 10
[2017.10.11-12.18.52:985][350]LogNet: Browse: /Game/ThirdPersonBP/Maps/ThirdPersonExampleMap?Listen
[2017.10.11-12.18.52:986][350]LogLoad: LoadMap: /Game/ThirdPersonBP/Maps/ThirdPersonExampleMap?Listen
[2017.10.11-12.18.52:987][350]LogSlate: Took 0.001023 seconds to synchronously load lazily loaded font '../../../Engine/Content/EngineFonts/Faces/RobotoRegular.ufont' (155K)
[2017.10.11-12.18.52:996][350]LogMemory: Platform Memory Stats for WindowsNoEditor
[2017.10.11-12.18.52:996][350]LogMemory: Process Physical Memory: 315.74 MB used, 318.52 MB peak
[2017.10.11-12.18.52:996][350]LogMemory: Process Virtual Memory: 689.09 MB used, 749.72 MB peak
[2017.10.11-12.18.52:996][350]LogMemory: Physical Memory: 6503.23 MB used,  9811.01 MB free, 16314.24 MB total
[2017.10.11-12.18.52:996][350]LogMemory: Virtual Memory: 1228.82 MB used,  9811.01 MB free, 134217728.00 MB total
[2017.10.11-12.18.52:996][350]LogMemory: 
[2017.10.11-12.18.52:996][350]FMallocBinned2 Mem report
[2017.10.11-12.18.52:996][350]Small Pool
[2017.10.11-12.18.52:996][350]Requested Allocations: 29.109177mb  (including block size padding)
[2017.10.11-12.18.52:996][350]OS Allocated: 30.437500mb
[2017.10.11-12.18.52:996][350]Large Pool
[2017.10.11-12.18.52:996][350]Requested Allocations: 79.433838mb
[2017.10.11-12.18.52:996][350]OS Allocated: 80.125000mb
[2017.10.11-12.18.52:996][350]OS Page Allocator
[2017.10.11-12.18.52:996][350]Cached free pages: 0.000000mb
[2017.10.11-12.18.53:261][350]LogAIModule: Creating AISystem for world ThirdPersonExampleMap
[2017.10.11-12.18.53:263][350]LogLoad: Game class is 'ThirdPersonGameMode_C'
[2017.10.11-12.18.53:263][350]LogTemp: Display: ParseSettings for GameNetDriver
[2017.10.11-12.18.53:263][350]LogTemp: Display: ParseSettings for SteamNetDriver_0
[2017.10.11-12.18.53:263][350]LogTemp: Display: ParseSettings for GameNetDriver
[2017.10.11-12.18.53:264][350]LogNet: Display: SteamNetDriver_0 bound to port 7777
[2017.10.11-12.18.53:264][350]PacketHandlerLog: Loaded PacketHandler component: Engine.EngineHandlerComponentFactory (StatelessConnectHandlerComponent)
[2017.10.11-12.18.53:264][350]LogNet: GameNetDriver SteamNetDriver_0 IpNetDriver listening on port 7777
[2017.10.11-12.18.53:267][350]LogWorld: Bringing World /Game/ThirdPersonBP/Maps/ThirdPersonExampleMap.ThirdPersonExampleMap up for play (max tick rate 0) at 2017.10.11-14.18.53
[2017.10.11-12.18.53:267][350]LogWorld: Bringing up level for play took: 0.003287
[2017.10.11-12.18.53:269][350]LogUMG: Display: Widget Class HUD_C - Loaded Fast Template.
[2017.10.11-12.18.53:269][350]PIE: Warning: The widget 'HUD_C' was already added to the screen.
[2017.10.11-12.18.53:269][350]LogUMG: Display: Widget Class WBCrosshair_C - Loaded Fast Template.
[2017.10.11-12.18.53:270][350]LogLoad: Took 0.284085 seconds to LoadMap(/Game/ThirdPersonBP/Maps/ThirdPersonExampleMap)
[2017.10.11-12.18.55:346][476]LogBlueprintUserMessages: [EnemyHitTest_305] Hit!
[2017.10.11-12.18.55:346][476]LogBlueprintUserMessages: [EnemyHitTest_305] Hit!
[2017.10.11-12.18.55:363][477]LogBlueprintUserMessages: [EnemyHitTest_305] Hit!
[2017.10.11-12.18.55:459][483]LogBlueprintUserMessages: [EnemyHitTest_305] Hit!
[2017.10.11-12.18.55:459][483]LogBlueprintUserMessages: [EnemyHitTest_305] Hit!
[2017.10.11-12.18.55:475][484]LogBlueprintUserMessages: [EnemyHitTest_305] Hit!
[2017.10.11-12.18.55:572][490]LogBlueprintUserMessages: [EnemyHitTest_305] Hit!
[2017.10.11-12.18.55:572][490]LogBlueprintUserMessages: [EnemyHitTest_305] Hit!
[2017.10.11-12.18.55:588][491]LogBlueprintUserMessages: [EnemyHitTest_305] Hit!
[2017.10.11-12.18.55:685][497]LogBlueprintUserMessages: [EnemyHitTest_305] Hit!
[2017.10.11-12.18.55:685][497]LogBlueprintUserMessages: [EnemyHitTest_305] Hit!
[2017.10.11-12.18.55:701][498]LogBlueprintUserMessages: [EnemyHitTest_305] Hit!
[2017.10.11-12.18.55:798][504]LogBlueprintUserMessages: [EnemyHitTest_305] Hit!
[2017.10.11-12.18.55:798][504]LogBlueprintUserMessages: [EnemyHitTest_305] Hit!
[2017.10.11-12.18.55:814][505]LogBlueprintUserMessages: [EnemyHitTest_305] Hit!
[2017.10.11-12.18.55:911][511]LogBlueprintUserMessages: [EnemyHitTest_305] Hit!
[2017.10.11-12.18.55:911][511]LogBlueprintUserMessages: [EnemyHitTest_305] Hit!
[2017.10.11-12.18.55:927][512]LogBlueprintUserMessages: [EnemyHitTest_305] Hit!
[2017.10.11-12.18.56:023][518]LogBlueprintUserMessages: [EnemyHitTest_305] Hit!
[2017.10.11-12.18.56:023][518]LogBlueprintUserMessages: [EnemyHitTest_305] Hit!
[2017.10.11-12.18.56:040][519]LogBlueprintUserMessages: [EnemyHitTest_305] Hit!
[2017.10.11-12.18.58:783][689]LogUMG: Display: Widget Class PauseMenu_C - Loaded Fast Template.
[2017.10.11-12.19.01:042][829]LogNet: Browse: /Game/Maps/MainMenu/MainMenuMap
[2017.10.11-12.19.01:042][829]LogLoad: LoadMap: /Game/Maps/MainMenu/MainMenuMap
[2017.10.11-12.19.01:042][829]LogNet: World NetDriver shutdown SteamNetDriver_0 [GameNetDriver]
[2017.10.11-12.19.01:042][829]LogNet: DestroyNamedNetDriver SteamNetDriver_0 [GameNetDriver]
[2017.10.11-12.19.01:042][829]LogExit: GameNetDriver SteamNetDriver_0 shut down
[2017.10.11-12.19.01:059][829]LogMemory: Platform Memory Stats for WindowsNoEditor
[2017.10.11-12.19.01:059][829]LogMemory: Process Physical Memory: 395.96 MB used, 534.74 MB peak
[2017.10.11-12.19.01:059][829]LogMemory: Process Virtual Memory: 973.21 MB used, 1196.09 MB peak
[2017.10.11-12.19.01:059][829]LogMemory: Physical Memory: 6592.34 MB used,  9721.90 MB free, 16314.24 MB total
[2017.10.11-12.19.01:059][829]LogMemory: Virtual Memory: 1498.64 MB used,  9721.90 MB free, 134217728.00 MB total
[2017.10.11-12.19.01:059][829]LogMemory: 
[2017.10.11-12.19.01:059][829]FMallocBinned2 Mem report
[2017.10.11-12.19.01:059][829]Small Pool
[2017.10.11-12.19.01:059][829]Requested Allocations: 46.400070mb  (including block size padding)
[2017.10.11-12.19.01:059][829]OS Allocated: 42.375000mb
[2017.10.11-12.19.01:059][829]Large Pool
[2017.10.11-12.19.01:059][829]Requested Allocations: 79.027573mb
[2017.10.11-12.19.01:059][829]OS Allocated: 79.750000mb
[2017.10.11-12.19.01:059][829]OS Page Allocator
[2017.10.11-12.19.01:059][829]Cached free pages: 0.437500mb
[2017.10.11-12.19.01:070][829]LogAIModule: Creating AISystem for world MainMenuMap
[2017.10.11-12.19.01:070][829]LogLoad: Game class is 'MenuGM_C'
[2017.10.11-12.19.01:071][829]LogWorld: Bringing World /Game/Maps/MainMenu/MainMenuMap.MainMenuMap up for play (max tick rate 0) at 2017.10.11-14.19.01
[2017.10.11-12.19.01:071][829]LogWorld: Bringing up level for play took: 0.000329
[2017.10.11-12.19.01:072][829]LogUMG: Display: Widget Class BasicMenu_C - Loaded Fast Template.
[2017.10.11-12.19.01:072][829]LogUMG: Display: Widget Class PlayerInterface_C - Loaded Fast Template.
[2017.10.11-12.19.01:073][829]LogLoad: Took 0.030864 seconds to LoadMap(/Game/Maps/MainMenu/MainMenuMap)
[2017.10.11-12.19.02:623][926]LogUMG: Display: Widget Class EasyJoinMenu_C - Loaded Fast Template.
[2017.10.11-12.19.06:748][181]LogUMG: Display: Widget Class ServerList_C - Loaded Fast Template.
[2017.10.11-12.19.08:685][301]Closing by request
[2017.10.11-12.19.08:685][301]LogWindows: FPlatformMisc::RequestExit(0)
[2017.10.11-12.19.09:013][302]LogSlate: Request Window 'FPSGame (64-bit, PCD3D_SM5)' being destroyed
[2017.10.11-12.19.09:046][302]LogSlate: Window 'FPSGame (64-bit, PCD3D_SM5)' being destroyed
[2017.10.11-12.19.09:056][302]LogWindowsTextInputMethodSystem: Display: IME system now deactivated.
[2017.10.11-12.19.09:179][302]LogExit: Preparing to exit.
[2017.10.11-12.19.09:179][302]LogMoviePlayer: Shutting down movie player
[2017.10.11-12.19.09:195][302]LogExit: Game engine shut down
[2017.10.11-12.19.09:220][302]LogExit: Object subsystem successfully closed.
[2017.10.11-12.19.09:273][302]LogD3D11RHI: Shutdown
[2017.10.11-12.19.09:273][302]LogD3D11RHI: CleanupD3DDevice
[2017.10.11-12.19.09:304][302]LogD3D11RHI: ~FD3D11DynamicRHI
[2017.10.11-12.19.09:304][302]LogModuleManager: Shutting down and abandoning module AutomationController (162)
[2017.10.11-12.19.09:304][302]LogModuleManager: Shutting down and abandoning module AutomationWorker (160)
[2017.10.11-12.19.09:304][302]LogModuleManager: Shutting down and abandoning module AIModule (158)
[2017.10.11-12.19.09:304][302]LogModuleManager: Shutting down and abandoning module GameplayDebugger (157)
[2017.10.11-12.19.09:304][302]LogModuleManager: Shutting down and abandoning module WmfMediaFactory (154)
[2017.10.11-12.19.09:304][302]LogModuleManager: Shutting down and abandoning module AvfMediaFactory (152)
[2017.10.11-12.19.09:304][302]LogModuleManager: Shutting down and abandoning module AndroidMediaFactory (150)
[2017.10.11-12.19.09:304][302]LogModuleManager: Shutting down and abandoning module Media (149)
[2017.10.11-12.19.09:304][302]LogModuleManager: Shutting down and abandoning module CharacterAI (146)
[2017.10.11-12.19.09:304][302]LogModuleManager: Shutting down and abandoning module SessionServices (144)
[2017.10.11-12.19.09:304][302]LogModuleManager: Shutting down and abandoning module MovieSceneTracks (142)
[2017.10.11-12.19.09:304][302]LogModuleManager: Shutting down and abandoning module MovieScene (140)
[2017.10.11-12.19.09:304][302]LogModuleManager: Shutting down and abandoning module GeometryCache (138)
[2017.10.11-12.19.09:304][302]LogModuleManager: Shutting down and abandoning module Niagara (136)
[2017.10.11-12.19.09:304][302]LogModuleManager: Shutting down and abandoning module StreamingPauseRendering (134)
[2017.10.11-12.19.09:304][302]LogModuleManager: Shutting down and abandoning module AnalyticsET (132)
[2017.10.11-12.19.09:304][302]LogModuleManager: Shutting down and abandoning module ProfilerService (130)
[2017.10.11-12.19.09:510][302]LogModuleManager: Shutting down and abandoning module TaskGraph (128)
[2017.10.11-12.19.09:510][302]LogModuleManager: Shutting down and abandoning module HTML5Networking (124)
[2017.10.11-12.19.09:510][302]LogModuleManager: Shutting down and abandoning module SteamVRController (122)
[2017.10.11-12.19.09:510][302]LogModuleManager: Shutting down and abandoning module ProceduralMeshComponent (120)
[2017.10.11-12.19.09:510][302]LogModuleManager: Shutting down and abandoning module MobilePatchingUtils (118)
[2017.10.11-12.19.09:510][302]LogModuleManager: Shutting down and abandoning module CustomMeshComponent (116)
[2017.10.11-12.19.09:510][302]LogModuleManager: Shutting down and abandoning module CableComponent (114)
[2017.10.11-12.19.09:510][302]LogModuleManager: Shutting down and abandoning module ArchVisCharacter (112)
[2017.10.11-12.19.09:510][302]LogModuleManager: Shutting down and abandoning module AndroidPermission (110)
[2017.10.11-12.19.09:510][302]LogModuleManager: Shutting down and abandoning module OculusInput (108)
[2017.10.11-12.19.09:510][302]LogModuleManager: Shutting down and abandoning module AdvancedSessions (106)
[2017.10.11-12.19.09:510][302]LogModuleManager: Shutting down and abandoning module UdpMessaging (104)
[2017.10.11-12.19.09:510][302]LogModuleManager: Shutting down and abandoning module TcpMessaging (102)
[2017.10.11-12.19.09:510][302]LogModuleManager: Shutting down and abandoning module FacialAnimation (100)
[2017.10.11-12.19.09:510][302]LogModuleManager: Shutting down and abandoning module LightPropagationVolumeRuntime (98)
[2017.10.11-12.19.09:510][302]LogModuleManager: Shutting down and abandoning module RuntimePhysXCooking (96)
[2017.10.11-12.19.09:510][302]LogModuleManager: Shutting down and abandoning module PhysXVehicles (94)
[2017.10.11-12.19.09:510][302]LogModuleManager: Shutting down and abandoning module LocationServicesBPLibrary (92)
[2017.10.11-12.19.09:510][302]LogModuleManager: Shutting down and abandoning module ImmediatePhysics (90)
[2017.10.11-12.19.09:510][302]LogModuleManager: Shutting down and abandoning module Paper2D (88)
[2017.10.11-12.19.09:510][302]LogModuleManager: Shutting down and abandoning module WmfMedia (86)
[2017.10.11-12.19.09:510][302]LogModuleManager: Shutting down and abandoning module WindowsMoviePlayer (84)
[2017.10.11-12.19.09:530][302]LogModuleManager: Shutting down and abandoning module PacketHandler (82)
[2017.10.11-12.19.09:530][302]LogModuleManager: Shutting down and abandoning module ClothingSystemRuntime (80)
[2017.10.11-12.19.09:530][302]LogModuleManager: Shutting down and abandoning module Overlay (78)
[2017.10.11-12.19.09:530][302]LogModuleManager: Shutting down and abandoning module MediaAssets (76)
[2017.10.11-12.19.09:530][302]LogModuleManager: Shutting down and abandoning module UMG (74)
[2017.10.11-12.19.09:530][302]LogModuleManager: Shutting down and abandoning module SlateReflector (72)
[2017.10.11-12.19.09:530][302]LogModuleManager: Shutting down and abandoning module Slate (70)
[2017.10.11-12.19.09:530][302]LogModuleManager: Shutting down and abandoning module MRMesh (68)
[2017.10.11-12.19.09:530][302]LogModuleManager: Shutting down and abandoning module Messaging (66)
[2017.10.11-12.19.09:530][302]LogModuleManager: Shutting down and abandoning module HeadMountedDisplay (64)
[2017.10.11-12.19.09:530][302]LogModuleManager: Shutting down and abandoning module XAudio2 (62)
[2017.10.11-12.19.09:530][302]LogModuleManager: Shutting down and abandoning module Networking (60)
[2017.10.11-12.19.09:530][302]LogModuleManager: Shutting down and abandoning module Core (58)
[2017.10.11-12.19.09:530][302]LogModuleManager: Shutting down and abandoning module LevelSequence (56)
[2017.10.11-12.19.09:530][302]LogModuleManager: Shutting down and abandoning module ImageWrapper (52)
[2017.10.11-12.19.09:531][302]LogModuleManager: Shutting down and abandoning module InputCore (50)
[2017.10.11-12.19.09:531][302]LogModuleManager: Shutting down and abandoning module PhysXCooking (48)
[2017.10.11-12.19.09:531][302]LogModuleManager: Shutting down and abandoning module OnlineSubsystem (44)
[2017.10.11-12.19.09:531][302]LogOnline: Display: STEAM: OnlineSubsystemSteam::Shutdown()
[2017.10.11-12.19.09:531][302]LogOnline: Display: OSS: FOnlineAsyncTaskManager::Stop() ActiveTask:0000000000000000 Tasks[0/0]
[2017.10.11-12.19.09:604][302]LogOnline: Display: OSS: FOnlineAsyncTaskManager::Exit() started
[2017.10.11-12.19.09:604][302]LogOnline: Display: OSS: FOnlineAsyncTaskManager::Exit() finished
[2017.10.11-12.19.09:604][302]LogOnline: Display: Unloading online subsystem: Steam
[2017.10.11-12.19.09:604][302]LogOnline: Display: STEAM: OnlineSubsystemSteam::Shutdown()
[2017.10.11-12.19.09:604][302]LogOnline: Display: Unloading online subsystem: NULL
[2017.10.11-12.19.09:604][302]LogModuleManager: Shutting down and abandoning module HTTP (39)
[2017.10.11-12.19.09:604][302]LogHttp: Display: Http module shutting down, but needs to wait on 1 outstanding Http requests:
[2017.10.11-12.19.09:604][302]LogHttp: Display: 	verb=[POST] url=[https://datarouter.ol.epicgames.com/datarouter/api/v1/public/data?SessionID=%7B2979766A-4C4F-4669-BFC8-BAA405C66796%7D&AppID=UEGame.Rocket.Release%7C78CB5E094DD62A56B138B38F1107A2A4%7CThird%20Person%20BP%20Game%20Template&AppVersion=4.17.2-3658906%2B%2B%2BUE4%2BRelease-4.17&UserID=ANON-%7B39355DB6-41EE-FC17-9EC0-0A9CC8DF2A6B%7D%7C%7C&AppEnvironment=datacollector-binary&UploadType=eteventstream] status=Processing
[2017.10.11-12.19.09:604][302]LogHttp: Display: Sleeping 0.5s to wait for 1 outstanding Http requests.
[2017.10.11-12.19.10:105][302]LogHttp: Display: Sleeping 0.5s to wait for 1 outstanding Http requests.
[2017.10.11-12.19.10:618][302]LogModuleManager: Shutting down and abandoning module SSL (38)
[2017.10.11-12.19.10:618][302]LogModuleManager: Shutting down and abandoning module SteamVR (34)
[2017.10.11-12.19.10:618][302]LogModuleManager: Shutting down and abandoning module ExampleDeviceProfileSelector (32)
[2017.10.11-12.19.10:618][302]LogModuleManager: Shutting down and abandoning module OculusHMD (30)
[2017.10.11-12.19.10:618][302]LogModuleManager: Shutting down and abandoning module ShaderCore (28)
[2017.10.11-12.19.10:618][302]LogModuleManager: Shutting down and abandoning module Landscape (26)
[2017.10.11-12.19.10:618][302]LogModuleManager: Shutting down and abandoning module SlateRHIRenderer (24)
[2017.10.11-12.19.10:618][302]LogModuleManager: Shutting down and abandoning module OpenGLDrv (22)
[2017.10.11-12.19.10:618][302]LogModuleManager: Shutting down and abandoning module D3D11RHI (20)
[2017.10.11-12.19.10:618][302]LogModuleManager: Shutting down and abandoning module AnimGraphRuntime (18)
[2017.10.11-12.19.10:619][302]LogModuleManager: Shutting down and abandoning module Renderer (16)
[2017.10.11-12.19.10:619][302]LogModuleManager: Shutting down and abandoning module Engine (14)
[2017.10.11-12.19.10:619][302]LogModuleManager: Shutting down and abandoning module CoreUObject (12)
[2017.10.11-12.19.10:619][302]LogModuleManager: Shutting down and abandoning module NetworkFile (10)
[2017.10.11-12.19.10:619][302]LogModuleManager: Shutting down and abandoning module CookedIterativeFile (8)
[2017.10.11-12.19.10:619][302]LogModuleManager: Shutting down and abandoning module StreamingFile (6)
[2017.10.11-12.19.10:619][302]LogModuleManager: Shutting down and abandoning module SandboxFile (4)
[2017.10.11-12.19.10:619][302]LogModuleManager: Shutting down and abandoning module PakFile (2)
[2017.10.11-12.19.10:620][302]LogExit: Exiting.
[2017.10.11-12.19.10:624][302]Log file closed, 10/11/17 14:19:10
