Log file open, 10/10/17 23:10:03
LogWindows: Failed to load 'aqProf.dll' (GetLastError=126)
LogWindows: File 'aqProf.dll' does not exist
LogWindows: Failed to load 'VSPerf140.dll' (GetLastError=126)
LogWindows: File 'VSPerf140.dll' does not exist
LogWindows: Failed to load 'VtuneApi.dll' (GetLastError=126)
LogWindows: File 'VtuneApi.dll' does not exist
LogWindows: Failed to load 'VtuneApi32e.dll' (GetLastError=126)
LogWindows: File 'VtuneApi32e.dll' does not exist
LogInit: Display: Running engine for game: FPSGame
LogInit: Display: Project file not found: ../../../FPSGame/FPSGame.uproject
LogInit: Display: 	Attempting to find via project info helper.
LogUProjectInfo: Found projects:
LogPlatformFile: Not using cached read wrapper
LogInit: Display: RandInit(1545258408) SRandInit(1545258408).
LogTaskGraph: Started task graph with 5 named threads and 14 total threads with 3 sets of task threads.
LogStats: Stats thread started at 0.152769
LogD3D11RHI: Aftermath initialized
LogPluginManager: Mounting plugin Paper2D
LogPluginManager: Mounting plugin OculusVR
LogPluginManager: Mounting plugin AndroidPermission
LogPluginManager: Mounting plugin ArchVisCharacter
LogPluginManager: Mounting plugin CableComponent
LogPluginManager: Mounting plugin CustomMeshComponent
LogPluginManager: Mounting plugin ExampleDeviceProfileSelector
LogPluginManager: Mounting plugin ImmediatePhysics
LogPluginManager: Mounting plugin LocationServicesBPLibrary
LogPluginManager: Mounting plugin MobilePatchingUtils
LogPluginManager: Mounting plugin PhysXVehicles
LogPluginManager: Mounting plugin ProceduralMeshComponent
LogPluginManager: Mounting plugin RuntimePhysXCooking
LogPluginManager: Mounting plugin SteamVR
LogPluginManager: Mounting plugin WindowsMoviePlayer
LogPluginManager: Mounting plugin LightPropagationVolume
LogPluginManager: Mounting plugin FacialAnimation
LogPluginManager: Mounting plugin CharacterAI
LogPluginManager: Mounting plugin HTML5Networking
LogPluginManager: Mounting plugin AndroidMedia
LogPluginManager: Mounting plugin AvfMedia
LogPluginManager: Mounting plugin WmfMedia
LogPluginManager: Mounting plugin TcpMessaging
LogPluginManager: Mounting plugin UdpMessaging
LogPluginManager: Mounting plugin OnlineSubsystem
LogPluginManager: Mounting plugin OnlineSubsystemNull
LogPluginManager: Mounting plugin OnlineSubsystemSteam
LogPluginManager: Mounting plugin OnlineSubsystemUtils
LogPluginManager: Mounting plugin AdvancedSessions
LogInit: Using libcurl 7.47.1
LogInit:  - built for x86_64-pc-win32
LogInit:  - supports SSL with OpenSSL/1.0.2g
LogInit:  - supports HTTP deflate (compression) using libz 1.2.8
LogInit:  - other features:
LogInit:      CURL_VERSION_SSL
LogInit:      CURL_VERSION_LIBZ
LogInit:      CURL_VERSION_IPV6
LogInit:      CURL_VERSION_ASYNCHDNS
LogInit:      CURL_VERSION_LARGEFILE
LogInit:      CURL_VERSION_IDN
LogInit:  CurlRequestOptions (configurable via config and command line):
LogInit:  - bVerifyPeer = false  - Libcurl will NOT verify peer certificate
LogInit:  - bUseHttpProxy = false  - Libcurl will NOT use HTTP proxy
LogInit:  - bDontReuseConnections = false  - Libcurl will reuse connections
LogInit:  - CertBundlePath = nullptr  - Libcurl will use whatever was configured at build time.
LogOnline: Display: STEAM: Loading Steam SDK 1.39
LogInit: WinSock: version 1.1 (2.2), MaxSocks=32767, MaxUdp=65467
LogInit: Build: ++UE4+Release-4.17-CL-3658906
LogInit: Engine Version: 4.17.2-3658906+++UE4+Release-4.17
LogInit: Compatible Engine Version: 4.17.0-3573198+++UE4+Release-4.17
LogInit: Net CL: 3573198
LogDevObjectVersion: Number of dev versions registered: 16
LogDevObjectVersion:   Dev-Blueprints (B0D832E4-1F89-4F0D-ACCF-7EB736FD4AA2): 10
LogDevObjectVersion:   Dev-Build (E1C64328-A22C-4D53-A36C-8E866417BD8C): 0
LogDevObjectVersion:   Dev-Core (375EC13C-06E4-48FB-B500-84F0262A717E): 2
LogDevObjectVersion:   Dev-Editor (E4B068ED-F494-42E9-A231-DA0B2E46BB41): 20
LogDevObjectVersion:   Dev-Framework (CFFC743F-43B0-4480-9391-14DF171D2073): 28
LogDevObjectVersion:   Dev-Mobile (B02B49B5-BB20-44E9-A304-32B752E40360): 0
LogDevObjectVersion:   Dev-Networking (A4E4105C-59A1-49B5-A7C5-40C4547EDFEE): 0
LogDevObjectVersion:   Dev-Online (39C831C9-5AE6-47DC-9A44-9C173E1C8E7C): 0
LogDevObjectVersion:   Dev-Physics (78F01B33-EBEA-4F98-B9B4-84EACCB95AA2): 0
LogDevObjectVersion:   Dev-Platform (6631380F-2D4D-43E0-8009-CF276956A95A): 0
LogDevObjectVersion:   Dev-Rendering (12F88B9F-8875-4AFC-A67C-D90C383ABD29): 19
LogDevObjectVersion:   Dev-Sequencer (7B5AE74C-D270-4C10-A958-57980B212A5A): 4
LogDevObjectVersion:   Dev-VR (D7296918-1DD6-4BDD-9DE2-64A83CC13884): 0
LogDevObjectVersion:   Dev-LoadTimes (C2A15278-BFE7-4AFE-6C17-90FF531DF755): 1
LogDevObjectVersion:   Private-Geometry (6EACA3D4-40EC-4CC1-B786-8BED09428FC5): 1
LogDevObjectVersion:   Dev-AnimPhys (29E575DD-E0A3-4627-9D10-D276232CDCEA): 7
LogInit: Compiled (64-bit): Sep 22 2017 13:49:34
LogInit: Compiled with Visual C++: 19.00.24215.01
LogInit: Build Configuration: Development
LogInit: Branch Name: ++UE4+Release-4.17
LogInit: Command line:  
LogInit: Base directory: C:/Users/paul-/Desktop/ShooterLaunch/ShooterGame/WindowsNoEditor/FPSGame/Binaries/Win64/
LogInit: Installed Engine Build: 0
LogInit: Presizing for max 2097152 objects, including 0 objects not considered by GC, pre-allocating 0 bytes for permanent pool.
LogStreaming: Display: Async Loading initialized: Event Driven Loader: true, Async Loading Thread: false
LogInit: Object subsystem initialized
[2017.10.10-21.10.05:082][  0]LogInit: Selected Device Profile: [WindowsNoEditor]
[2017.10.10-21.10.05:082][  0]LogInit: Applying CVar settings loaded from the selected device profile: [WindowsNoEditor]
[2017.10.10-21.10.05:102][  0]LogInit: Computer: DESKTOP-0TJMG8F
[2017.10.10-21.10.05:103][  0]LogInit: User: paul
[2017.10.10-21.10.05:103][  0]LogInit: CPU Page size=4096, Cores=4
[2017.10.10-21.10.05:103][  0]LogInit: High frequency timer resolution =3.124096 MHz
[2017.10.10-21.10.05:103][  0]LogMemory: Memory total: Physical=15.9GB (16GB approx)
[2017.10.10-21.10.05:103][  0]LogMemory: Platform Memory Stats for WindowsNoEditor
[2017.10.10-21.10.05:103][  0]LogMemory: Process Physical Memory: 132.67 MB used, 132.67 MB peak
[2017.10.10-21.10.05:103][  0]LogMemory: Process Virtual Memory: 128.67 MB used, 128.67 MB peak
[2017.10.10-21.10.05:103][  0]LogMemory: Physical Memory: 4560.97 MB used,  11753.27 MB free, 16314.24 MB total
[2017.10.10-21.10.05:104][  0]LogMemory: Virtual Memory: 455.07 MB used,  11753.27 MB free, 134217728.00 MB total
[2017.10.10-21.10.05:171][  0]LogInit: Using OS detected language (de-DE).
[2017.10.10-21.10.05:171][  0]LogInit: Using OS detected locale (de-DE).
[2017.10.10-21.10.05:172][  0]LogTextLocalizationManager: No localization for 'de-DE' exists, so 'en' will be used for the language.
[2017.10.10-21.10.05:172][  0]LogTextLocalizationManager: No localization for 'de-DE' exists, so 'en' will be used for the locale.
[2017.10.10-21.10.05:351][  0]LogD3D11RHI: D3D11 adapters:
[2017.10.10-21.10.05:998][  0]LogD3D11RHI:    0. 'NVIDIA GeForce GTX 1070' (Feature Level 11_0)
[2017.10.10-21.10.05:998][  0]LogD3D11RHI:       8081/0/8157 MB DedicatedVideo/DedicatedSystem/SharedSystem, Outputs:2, VendorId:0x10de
[2017.10.10-21.10.06:002][  0]LogD3D11RHI:    1. 'Microsoft Basic Render Driver' (Feature Level 11_0)
[2017.10.10-21.10.06:002][  0]LogD3D11RHI:       0/0/8157 MB DedicatedVideo/DedicatedSystem/SharedSystem, Outputs:0, VendorId:0x1414
[2017.10.10-21.10.06:002][  0]LogD3D11RHI: Chosen D3D11 Adapter: 0
[2017.10.10-21.10.06:010][  0]LogD3D11RHI: Creating new Direct3DDevice
[2017.10.10-21.10.06:011][  0]LogD3D11RHI:     GPU DeviceId: 0x1b81 (for the marketing name, search the web for "GPU Device Id")
[2017.10.10-21.10.06:011][  0]LogWindows: EnumDisplayDevices:
[2017.10.10-21.10.06:011][  0]LogWindows:    0. 'NVIDIA GeForce GTX 1070' (P:1 D:1)
[2017.10.10-21.10.06:011][  0]LogWindows:    1. 'NVIDIA GeForce GTX 1070' (P:0 D:1)
[2017.10.10-21.10.06:011][  0]LogWindows:    2. 'NVIDIA GeForce GTX 1070' (P:0 D:0)
[2017.10.10-21.10.06:011][  0]LogWindows:    3. 'NVIDIA GeForce GTX 1070' (P:0 D:0)
[2017.10.10-21.10.06:011][  0]LogWindows: DebugString: FoundDriverCount:4 
[2017.10.10-21.10.06:011][  0]LogD3D11RHI:     Adapter Name: NVIDIA GeForce GTX 1070
[2017.10.10-21.10.06:011][  0]LogD3D11RHI:   Driver Version: 385.41 (internal:22.21.13.8541, unified:385.41)
[2017.10.10-21.10.06:011][  0]LogD3D11RHI:      Driver Date: 8-21-2017
[2017.10.10-21.10.06:011][  0]LogRHI: Texture pool is 1361 MB (70% of 1945 MB)
[2017.10.10-21.10.06:637][  0]LogD3D11RHI: Async texture creation enabled
[2017.10.10-21.10.06:662][  0]LogD3D11RHI: GPU Timing Frequency: 1000.000000 (Debug: 2 1)
[2017.10.10-21.10.06:726][  0]LogMaterial: Verifying Global Shaders for PCD3D_SM5
[2017.10.10-21.10.06:727][  0]LogSlate: Using Freetype 2.6.0
[2017.10.10-21.10.06:728][  0]LogSlate: SlateFontCache - WITH_FREETYPE: 1, WITH_HARFBUZZ: 1
[2017.10.10-21.10.06:728][  0]LogSlate: SlateFontCache - WITH_FREETYPE: 1, WITH_HARFBUZZ: 1
[2017.10.10-21.10.06:777][  0]LogAssetRegistry: FAssetRegistry took 0.0110 seconds to start up
[2017.10.10-21.10.06:870][  0]LogPackageLocalizationCache: Processed 5 localized package path(s) for 1 prioritized culture(s) in 0.002445 seconds
[2017.10.10-21.10.06:871][  0]LogPakFile: New pak file ../../../FPSGame/Content/Paks/FPSGame-WindowsNoEditor.pak added to pak precacher.
[2017.10.10-21.10.06:873][  0]LogInit: Selected Device Profile: [WindowsNoEditor]
[2017.10.10-21.10.06:880][  0]LogContentStreaming: Texture pool size is 1000.00 MB
[2017.10.10-21.10.06:923][  0]LogNetVersion: FPSGame , NetCL: 3573198, EngineNetVer: 2, GameNetVer: 0 (Checksum: 3581027628)
[2017.10.10-21.10.07:010][  0]LogMoviePlayer: Initializing movie player
[2017.10.10-21.10.07:111][  0]LogOcInput: OculusInput pre-init called
[2017.10.10-21.10.07:112][  0]LogAndroidPermission: UAndroidPermissionCallbackProxy::GetInstance
[2017.10.10-21.10.07:116][  0]LogUObjectArray: 31382 objects as part of root set at end of initial load.
[2017.10.10-21.10.07:116][  0]LogUObjectAllocator: 6403488 out of 0 bytes used by permanent object pool.
[2017.10.10-21.10.07:116][  0]LogUObjectArray: CloseDisregardForGC: 0/0 objects in disregard for GC pool
[2017.10.10-21.10.07:127][  0]LogEngine: Initializing Engine...
[2017.10.10-21.10.07:130][  0]LogHMD: Failed to initialize OpenVR with code 110
[2017.10.10-21.10.07:255][  0]LogStats: UGameplayTagsManager::ConstructGameplayTagTree: Construct from data asset -  0.000 s
[2017.10.10-21.10.07:255][  0]LogStats: UGameplayTagsManager::ConstructGameplayTagTree: GameplayTagTreeChangedEvent.Broadcast -  0.000 s
[2017.10.10-21.10.07:278][  0]LogInit: XAudio2 using 'Lautsprecher (High Definition Audio-Gerät)' : 2 channels at 48 kHz using 32 bits per sample (channel mask 0x3)
[2017.10.10-21.10.07:288][  0]LogInit: FAudioDevice initialized.
[2017.10.10-21.10.07:299][  0]LogInit: Texture streaming: Enabled
[2017.10.10-21.10.07:306][  0]LogInit: Display: Game Engine Initialized.
[2017.10.10-21.10.07:306][  0]LogGameplayTags: Display: UGameplayTagsManager::DoneAddingNativeTags. DelegateIsBound: 0
[2017.10.10-21.10.07:315][  0]LogInit: Display: Starting Game.
[2017.10.10-21.10.07:315][  0]LogNet: Browse: /Game/Maps/MainMenu/MainMenuMap?Name=Player
[2017.10.10-21.10.07:315][  0]LogLoad: LoadMap: /Game/Maps/MainMenu/MainMenuMap?Name=Player
[2017.10.10-21.10.07:324][  0]LogMemory: Platform Memory Stats for WindowsNoEditor
[2017.10.10-21.10.07:324][  0]LogMemory: Process Physical Memory: 273.84 MB used, 319.24 MB peak
[2017.10.10-21.10.07:324][  0]LogMemory: Process Virtual Memory: 365.07 MB used, 369.39 MB peak
[2017.10.10-21.10.07:324][  0]LogMemory: Physical Memory: 4673.51 MB used,  11640.73 MB free, 16314.24 MB total
[2017.10.10-21.10.07:324][  0]LogMemory: Virtual Memory: 876.32 MB used,  11640.73 MB free, 134217728.00 MB total
[2017.10.10-21.10.07:324][  0]LogMemory: 
[2017.10.10-21.10.07:324][  0]FMallocBinned2 Mem report
[2017.10.10-21.10.07:324][  0]Small Pool
[2017.10.10-21.10.07:324][  0]Requested Allocations: 24.181335mb  (including block size padding)
[2017.10.10-21.10.07:324][  0]OS Allocated: 27.500000mb
[2017.10.10-21.10.07:324][  0]Large Pool
[2017.10.10-21.10.07:324][  0]Requested Allocations: 68.205826mb
[2017.10.10-21.10.07:324][  0]OS Allocated: 68.875000mb
[2017.10.10-21.10.07:324][  0]OS Page Allocator
[2017.10.10-21.10.07:324][  0]Cached free pages: 0.000000mb
[2017.10.10-21.10.07:331][  0]LogAIModule: Creating AISystem for world MainMenuMap
[2017.10.10-21.10.07:331][  0]LogLoad: Game class is 'MenuGM_C'
[2017.10.10-21.10.07:332][  0]LogWorld: Bringing World /Game/Maps/MainMenu/MainMenuMap.MainMenuMap up for play (max tick rate 0) at 2017.10.10-23.10.07
[2017.10.10-21.10.07:332][  0]LogWorld: Bringing up level for play took: 0.000508
[2017.10.10-21.10.07:333][  0]LogGameMode: FindPlayerStart: PATHS NOT DEFINED or NO PLAYERSTART with positive rating
[2017.10.10-21.10.07:335][  0]LogUMG: Display: Widget Class BasicMenu_C - Loaded Fast Template.
[2017.10.10-21.10.07:336][  0]LogLoad: Took 0.020857 seconds to LoadMap(/Game/Maps/MainMenu/MainMenuMap)
[2017.10.10-21.10.07:337][  0]LogSlate: Took 0.000898 seconds to synchronously load lazily loaded font '../../../Engine/Content/EngineFonts/Faces/RobotoBold.ufont' (160K)
[2017.10.10-21.10.07:383][  0]LogLoad: (Engine Initialization) Total time: 3.74 seconds
[2017.10.10-21.10.07:383][  0]LogExternalProfiler: No external profilers were discovered.  External profiling features will not be available.
[2017.10.10-21.10.07:432][  2]LogRenderer: Reallocating scene render targets to support 1920x1200 Format 10 NumSamples 1 (Frame:1).
[2017.10.10-21.10.09:217][107]LogUMG: Display: Widget Class HostMenu_C - Loaded Fast Template.
[2017.10.10-21.10.09:220][107]LogSlate: Took 0.001001 seconds to synchronously load lazily loaded font '../../../Engine/Content/Slate/Fonts/Roboto-Regular.ttf' (155K)
[2017.10.10-21.10.11:637][257]LogNetVersion: FPSGame 1.0.0.0, NetCL: 3573198, EngineNetVer: 2, GameNetVer: 0 (Checksum: 3710948819)
[2017.10.10-21.10.11:646][257]LogInit: WinSock: I am DESKTOP-0TJMG8F (192.168.56.1:0)
[2017.10.10-21.10.11:653][257]LogBlueprintUserMessages: [MyGameInstance_C_0] Name: MyGame Players: 10
[2017.10.10-21.10.11:654][257]LogNet: Browse: /Game/ThirdPersonBP/Maps/ThirdPersonExampleMap?Listen
[2017.10.10-21.10.11:654][257]LogLoad: LoadMap: /Game/ThirdPersonBP/Maps/ThirdPersonExampleMap?Listen
[2017.10.10-21.10.11:656][257]LogSlate: Took 0.000948 seconds to synchronously load lazily loaded font '../../../Engine/Content/EngineFonts/Faces/RobotoRegular.ufont' (155K)
[2017.10.10-21.10.11:664][257]LogMemory: Platform Memory Stats for WindowsNoEditor
[2017.10.10-21.10.11:665][257]LogMemory: Process Physical Memory: 320.28 MB used, 323.28 MB peak
[2017.10.10-21.10.11:665][257]LogMemory: Process Virtual Memory: 695.76 MB used, 757.92 MB peak
[2017.10.10-21.10.11:665][257]LogMemory: Physical Memory: 4722.00 MB used,  11592.24 MB free, 16314.24 MB total
[2017.10.10-21.10.11:665][257]LogMemory: Virtual Memory: 1233.25 MB used,  11592.24 MB free, 134217728.00 MB total
[2017.10.10-21.10.11:665][257]LogMemory: 
[2017.10.10-21.10.11:665][257]FMallocBinned2 Mem report
[2017.10.10-21.10.11:665][257]Small Pool
[2017.10.10-21.10.11:665][257]Requested Allocations: 28.021790mb  (including block size padding)
[2017.10.10-21.10.11:665][257]OS Allocated: 30.250000mb
[2017.10.10-21.10.11:665][257]Large Pool
[2017.10.10-21.10.11:665][257]Requested Allocations: 79.433609mb
[2017.10.10-21.10.11:665][257]OS Allocated: 80.125000mb
[2017.10.10-21.10.11:665][257]OS Page Allocator
[2017.10.10-21.10.11:665][257]Cached free pages: 0.000000mb
[2017.10.10-21.10.11:916][257]LogAIModule: Creating AISystem for world ThirdPersonExampleMap
[2017.10.10-21.10.11:918][257]LogLoad: Game class is 'ThirdPersonGameMode_C'
[2017.10.10-21.10.11:919][257]LogTemp: Display: ParseSettings for GameNetDriver
[2017.10.10-21.10.11:919][257]LogTemp: Display: ParseSettings for SteamNetDriver_0
[2017.10.10-21.10.11:919][257]LogTemp: Display: ParseSettings for GameNetDriver
[2017.10.10-21.10.11:919][257]LogNet: Display: SteamNetDriver_0 bound to port 7777
[2017.10.10-21.10.11:919][257]PacketHandlerLog: Loaded PacketHandler component: Engine.EngineHandlerComponentFactory (StatelessConnectHandlerComponent)
[2017.10.10-21.10.11:919][257]LogNet: GameNetDriver SteamNetDriver_0 IpNetDriver listening on port 7777
[2017.10.10-21.10.11:923][257]LogWorld: Bringing World /Game/ThirdPersonBP/Maps/ThirdPersonExampleMap.ThirdPersonExampleMap up for play (max tick rate 0) at 2017.10.10-23.10.11
[2017.10.10-21.10.11:924][257]LogWorld: Bringing up level for play took: 0.004218
[2017.10.10-21.10.11:925][257]LogUMG: Display: Widget Class HUD_C - Loaded Fast Template.
[2017.10.10-21.10.11:925][257]PIE: Warning: The widget 'HUD_C' was already added to the screen.
[2017.10.10-21.10.11:925][257]LogUMG: Display: Widget Class WBCrosshair_C - Loaded Fast Template.
[2017.10.10-21.10.11:926][257]LogLoad: Took 0.272400 seconds to LoadMap(/Game/ThirdPersonBP/Maps/ThirdPersonExampleMap)
[2017.10.10-21.10.13:540][349]LogBlueprintUserMessages: [EnemyHitTest_305] Hit!
[2017.10.10-21.10.13:540][349]LogBlueprintUserMessages: [EnemyHitTest_305] Hit!
[2017.10.10-21.10.13:636][355]LogBlueprintUserMessages: [EnemyHitTest_305] Hit!
[2017.10.10-21.10.13:636][355]LogBlueprintUserMessages: [EnemyHitTest_305] Hit!
[2017.10.10-21.10.13:652][356]LogBlueprintUserMessages: [EnemyHitTest_305] Hit!
[2017.10.10-21.10.13:749][362]LogBlueprintUserMessages: [EnemyHitTest_305] Hit!
[2017.10.10-21.10.13:749][362]LogBlueprintUserMessages: [EnemyHitTest_305] Hit!
[2017.10.10-21.10.13:765][363]LogBlueprintUserMessages: [EnemyHitTest_305] Hit!
[2017.10.10-21.10.13:862][369]LogBlueprintUserMessages: [EnemyHitTest_305] Hit!
[2017.10.10-21.10.13:862][369]LogBlueprintUserMessages: [EnemyHitTest_305] Hit!
[2017.10.10-21.10.13:878][370]LogBlueprintUserMessages: [EnemyHitTest_305] Hit!
[2017.10.10-21.10.13:975][376]LogBlueprintUserMessages: [EnemyHitTest_305] Hit!
[2017.10.10-21.10.13:975][376]LogBlueprintUserMessages: [EnemyHitTest_305] Hit!
[2017.10.10-21.10.13:991][377]LogBlueprintUserMessages: [EnemyHitTest_305] Hit!
[2017.10.10-21.10.14:088][383]LogBlueprintUserMessages: [EnemyHitTest_305] Hit!
[2017.10.10-21.10.14:088][383]LogBlueprintUserMessages: [EnemyHitTest_305] Hit!
[2017.10.10-21.10.14:104][384]LogBlueprintUserMessages: [EnemyHitTest_305] Hit!
[2017.10.10-21.10.14:202][390]LogBlueprintUserMessages: [EnemyHitTest_305] Hit!
[2017.10.10-21.10.14:202][390]LogBlueprintUserMessages: [EnemyHitTest_305] Hit!
[2017.10.10-21.10.14:218][391]LogBlueprintUserMessages: [EnemyHitTest_305] Hit!
[2017.10.10-21.10.18:056][629]LogUMG: Display: Widget Class PauseMenu_C - Loaded Fast Template.
[2017.10.10-21.10.47:431][450]LogBlueprintUserMessages: [EnemyHitTest_305] Hit!
[2017.10.10-21.10.47:432][450]LogBlueprintUserMessages: [EnemyHitTest_305] Hit!
[2017.10.10-21.10.48:125][493]LogBlueprintUserMessages: [EnemyHitTest_305] Hit!
[2017.10.10-21.10.48:125][493]LogBlueprintUserMessages: [EnemyHitTest_305] Hit!
[2017.10.10-21.10.48:302][504]LogBlueprintUserMessages: [EnemyHitTest_305] Hit!
[2017.10.10-21.10.48:302][504]LogBlueprintUserMessages: [EnemyHitTest_305] Hit!
[2017.10.10-21.10.48:464][514]LogBlueprintUserMessages: [EnemyHitTest_305] Hit!
[2017.10.10-21.10.48:464][514]LogBlueprintUserMessages: [EnemyHitTest_305] Hit!
[2017.10.10-21.10.48:641][525]LogBlueprintUserMessages: [EnemyHitTest_305] Hit!
[2017.10.10-21.10.48:641][525]LogBlueprintUserMessages: [EnemyHitTest_305] Hit!
[2017.10.10-21.10.48:818][536]LogBlueprintUserMessages: [EnemyHitTest_305] Hit!
[2017.10.10-21.10.48:819][536]LogBlueprintUserMessages: [EnemyHitTest_305] Hit!
[2017.10.10-21.10.48:996][547]LogBlueprintUserMessages: [EnemyHitTest_305] Hit!
[2017.10.10-21.10.48:996][547]LogBlueprintUserMessages: [EnemyHitTest_305] Hit!
[2017.10.10-21.10.49:190][559]LogBlueprintUserMessages: [EnemyHitTest_305] Hit!
[2017.10.10-21.10.49:190][559]LogBlueprintUserMessages: [EnemyHitTest_305] Hit!
[2017.10.10-21.10.56:175][992]LogNet: Browse: /Game/Maps/MainMenu/MainMenuMap
[2017.10.10-21.10.56:175][992]LogLoad: LoadMap: /Game/Maps/MainMenu/MainMenuMap
[2017.10.10-21.10.56:175][992]LogNet: World NetDriver shutdown SteamNetDriver_0 [GameNetDriver]
[2017.10.10-21.10.56:175][992]LogNet: DestroyNamedNetDriver SteamNetDriver_0 [GameNetDriver]
[2017.10.10-21.10.56:175][992]LogExit: GameNetDriver SteamNetDriver_0 shut down
[2017.10.10-21.10.56:192][992]LogMemory: Platform Memory Stats for WindowsNoEditor
[2017.10.10-21.10.56:192][992]LogMemory: Process Physical Memory: 400.98 MB used, 544.90 MB peak
[2017.10.10-21.10.56:192][992]LogMemory: Process Virtual Memory: 1009.44 MB used, 1196.60 MB peak
[2017.10.10-21.10.56:192][992]LogMemory: Physical Memory: 4814.20 MB used,  11500.04 MB free, 16314.24 MB total
[2017.10.10-21.10.56:192][992]LogMemory: Virtual Memory: 1572.44 MB used,  11500.04 MB free, 134217728.00 MB total
[2017.10.10-21.10.56:192][992]LogMemory: 
[2017.10.10-21.10.56:192][992]FMallocBinned2 Mem report
[2017.10.10-21.10.56:192][992]Small Pool
[2017.10.10-21.10.56:192][992]Requested Allocations: 105.388367mb  (including block size padding)
[2017.10.10-21.10.56:192][992]OS Allocated: 43.000000mb
[2017.10.10-21.10.56:192][992]Large Pool
[2017.10.10-21.10.56:192][992]Requested Allocations: 79.902344mb
[2017.10.10-21.10.56:192][992]OS Allocated: 80.625000mb
[2017.10.10-21.10.56:192][992]OS Page Allocator
[2017.10.10-21.10.56:192][992]Cached free pages: 0.437500mb
[2017.10.10-21.10.56:199][992]LogAIModule: Creating AISystem for world MainMenuMap
[2017.10.10-21.10.56:200][992]LogLoad: Game class is 'MenuGM_C'
[2017.10.10-21.10.56:201][992]LogWorld: Bringing World /Game/Maps/MainMenu/MainMenuMap.MainMenuMap up for play (max tick rate 0) at 2017.10.10-23.10.56
[2017.10.10-21.10.56:201][992]LogWorld: Bringing up level for play took: 0.000375
[2017.10.10-21.10.56:201][992]LogGameMode: FindPlayerStart: PATHS NOT DEFINED or NO PLAYERSTART with positive rating
[2017.10.10-21.10.56:202][992]LogUMG: Display: Widget Class BasicMenu_C - Loaded Fast Template.
[2017.10.10-21.10.56:202][992]LogLoad: Took 0.027136 seconds to LoadMap(/Game/Maps/MainMenu/MainMenuMap)
[2017.10.10-21.10.56:800][ 30]LogUMG: Display: Widget Class EasyJoinMenu_C - Loaded Fast Template.
[2017.10.10-21.11.02:820][403]LogSlate: Request Window 'FPSGame (64-bit, PCD3D_SM5)' being destroyed
[2017.10.10-21.11.02:845][403]LogSlate: Window 'FPSGame (64-bit, PCD3D_SM5)' being destroyed
[2017.10.10-21.11.02:845][403]LogWindowsTextInputMethodSystem: Display: IME system now deactivated.
[2017.10.10-21.11.02:863][403]LogEngine: All Windows Closed
[2017.10.10-21.11.02:863][403]LogWindows: FPlatformMisc::RequestExit(0)
[2017.10.10-21.11.03:187][404]LogExit: Preparing to exit.
[2017.10.10-21.11.03:187][404]LogMoviePlayer: Shutting down movie player
[2017.10.10-21.11.03:288][404]LogExit: Game engine shut down
[2017.10.10-21.11.03:315][404]LogExit: Object subsystem successfully closed.
[2017.10.10-21.11.03:362][404]LogD3D11RHI: Shutdown
[2017.10.10-21.11.03:362][404]LogD3D11RHI: CleanupD3DDevice
[2017.10.10-21.11.03:395][404]LogD3D11RHI: ~FD3D11DynamicRHI
[2017.10.10-21.11.03:395][404]LogModuleManager: Shutting down and abandoning module AutomationController (162)
[2017.10.10-21.11.03:395][404]LogModuleManager: Shutting down and abandoning module AutomationWorker (160)
[2017.10.10-21.11.03:395][404]LogModuleManager: Shutting down and abandoning module AIModule (158)
[2017.10.10-21.11.03:396][404]LogModuleManager: Shutting down and abandoning module GameplayDebugger (157)
[2017.10.10-21.11.03:396][404]LogModuleManager: Shutting down and abandoning module WmfMediaFactory (154)
[2017.10.10-21.11.03:396][404]LogModuleManager: Shutting down and abandoning module AvfMediaFactory (152)
[2017.10.10-21.11.03:396][404]LogModuleManager: Shutting down and abandoning module AndroidMediaFactory (150)
[2017.10.10-21.11.03:396][404]LogModuleManager: Shutting down and abandoning module Media (149)
[2017.10.10-21.11.03:396][404]LogModuleManager: Shutting down and abandoning module CharacterAI (146)
[2017.10.10-21.11.03:396][404]LogModuleManager: Shutting down and abandoning module SessionServices (144)
[2017.10.10-21.11.03:396][404]LogModuleManager: Shutting down and abandoning module MovieSceneTracks (142)
[2017.10.10-21.11.03:396][404]LogModuleManager: Shutting down and abandoning module MovieScene (140)
[2017.10.10-21.11.03:396][404]LogModuleManager: Shutting down and abandoning module GeometryCache (138)
[2017.10.10-21.11.03:396][404]LogModuleManager: Shutting down and abandoning module Niagara (136)
[2017.10.10-21.11.03:396][404]LogModuleManager: Shutting down and abandoning module StreamingPauseRendering (134)
[2017.10.10-21.11.03:396][404]LogModuleManager: Shutting down and abandoning module AnalyticsET (132)
[2017.10.10-21.11.03:396][404]LogModuleManager: Shutting down and abandoning module ProfilerService (130)
[2017.10.10-21.11.03:446][404]LogModuleManager: Shutting down and abandoning module TaskGraph (128)
[2017.10.10-21.11.03:446][404]LogModuleManager: Shutting down and abandoning module HTML5Networking (124)
[2017.10.10-21.11.03:446][404]LogModuleManager: Shutting down and abandoning module SteamVRController (122)
[2017.10.10-21.11.03:446][404]LogModuleManager: Shutting down and abandoning module ProceduralMeshComponent (120)
[2017.10.10-21.11.03:446][404]LogModuleManager: Shutting down and abandoning module MobilePatchingUtils (118)
[2017.10.10-21.11.03:446][404]LogModuleManager: Shutting down and abandoning module CustomMeshComponent (116)
[2017.10.10-21.11.03:446][404]LogModuleManager: Shutting down and abandoning module CableComponent (114)
[2017.10.10-21.11.03:446][404]LogModuleManager: Shutting down and abandoning module ArchVisCharacter (112)
[2017.10.10-21.11.03:446][404]LogModuleManager: Shutting down and abandoning module AndroidPermission (110)
[2017.10.10-21.11.03:446][404]LogModuleManager: Shutting down and abandoning module OculusInput (108)
[2017.10.10-21.11.03:446][404]LogModuleManager: Shutting down and abandoning module AdvancedSessions (106)
[2017.10.10-21.11.03:447][404]LogModuleManager: Shutting down and abandoning module UdpMessaging (104)
[2017.10.10-21.11.03:447][404]LogModuleManager: Shutting down and abandoning module TcpMessaging (102)
[2017.10.10-21.11.03:447][404]LogModuleManager: Shutting down and abandoning module FacialAnimation (100)
[2017.10.10-21.11.03:447][404]LogModuleManager: Shutting down and abandoning module LightPropagationVolumeRuntime (98)
[2017.10.10-21.11.03:447][404]LogModuleManager: Shutting down and abandoning module RuntimePhysXCooking (96)
[2017.10.10-21.11.03:447][404]LogModuleManager: Shutting down and abandoning module PhysXVehicles (94)
[2017.10.10-21.11.03:447][404]LogModuleManager: Shutting down and abandoning module LocationServicesBPLibrary (92)
[2017.10.10-21.11.03:447][404]LogModuleManager: Shutting down and abandoning module ImmediatePhysics (90)
[2017.10.10-21.11.03:447][404]LogModuleManager: Shutting down and abandoning module Paper2D (88)
[2017.10.10-21.11.03:447][404]LogModuleManager: Shutting down and abandoning module WmfMedia (86)
[2017.10.10-21.11.03:447][404]LogModuleManager: Shutting down and abandoning module WindowsMoviePlayer (84)
[2017.10.10-21.11.03:447][404]LogModuleManager: Shutting down and abandoning module PacketHandler (82)
[2017.10.10-21.11.03:447][404]LogModuleManager: Shutting down and abandoning module ClothingSystemRuntime (80)
[2017.10.10-21.11.03:447][404]LogModuleManager: Shutting down and abandoning module Overlay (78)
[2017.10.10-21.11.03:447][404]LogModuleManager: Shutting down and abandoning module MediaAssets (76)
[2017.10.10-21.11.03:447][404]LogModuleManager: Shutting down and abandoning module UMG (74)
[2017.10.10-21.11.03:447][404]LogModuleManager: Shutting down and abandoning module SlateReflector (72)
[2017.10.10-21.11.03:447][404]LogModuleManager: Shutting down and abandoning module Slate (70)
[2017.10.10-21.11.03:447][404]LogModuleManager: Shutting down and abandoning module MRMesh (68)
[2017.10.10-21.11.03:447][404]LogModuleManager: Shutting down and abandoning module Messaging (66)
[2017.10.10-21.11.03:447][404]LogModuleManager: Shutting down and abandoning module HeadMountedDisplay (64)
[2017.10.10-21.11.03:447][404]LogModuleManager: Shutting down and abandoning module XAudio2 (62)
[2017.10.10-21.11.03:447][404]LogModuleManager: Shutting down and abandoning module Networking (60)
[2017.10.10-21.11.03:447][404]LogModuleManager: Shutting down and abandoning module Core (58)
[2017.10.10-21.11.03:447][404]LogModuleManager: Shutting down and abandoning module LevelSequence (56)
[2017.10.10-21.11.03:447][404]LogModuleManager: Shutting down and abandoning module ImageWrapper (52)
[2017.10.10-21.11.03:447][404]LogModuleManager: Shutting down and abandoning module InputCore (50)
[2017.10.10-21.11.03:447][404]LogModuleManager: Shutting down and abandoning module PhysXCooking (48)
[2017.10.10-21.11.03:447][404]LogModuleManager: Shutting down and abandoning module OnlineSubsystem (44)
[2017.10.10-21.11.03:447][404]LogOnline: Display: STEAM: OnlineSubsystemSteam::Shutdown()
[2017.10.10-21.11.03:447][404]LogOnline: Display: OSS: FOnlineAsyncTaskManager::Stop() ActiveTask:0000000000000000 Tasks[0/0]
[2017.10.10-21.11.03:648][404]LogOnline: Display: OSS: FOnlineAsyncTaskManager::Exit() started
[2017.10.10-21.11.03:648][404]LogOnline: Display: OSS: FOnlineAsyncTaskManager::Exit() finished
[2017.10.10-21.11.03:648][404]LogOnline: Display: Unloading online subsystem: Steam
[2017.10.10-21.11.03:648][404]LogOnline: Display: STEAM: OnlineSubsystemSteam::Shutdown()
[2017.10.10-21.11.03:648][404]LogOnline: Display: Unloading online subsystem: NULL
[2017.10.10-21.11.03:648][404]LogModuleManager: Shutting down and abandoning module HTTP (39)
[2017.10.10-21.11.03:649][404]LogHttp: Display: Http module shutting down, but needs to wait on 1 outstanding Http requests:
[2017.10.10-21.11.03:649][404]LogHttp: Display: 	verb=[POST] url=[https://datarouter.ol.epicgames.com/datarouter/api/v1/public/data?SessionID=%7B8AD94E1F-4B97-F619-E650-B4BBC0E8322A%7D&AppID=UEGame.Rocket.Release%7C78CB5E094DD62A56B138B38F1107A2A4%7CThird%20Person%20BP%20Game%20Template&AppVersion=4.17.2-3658906%2B%2B%2BUE4%2BRelease-4.17&UserID=ANON-%7B39355DB6-41EE-FC17-9EC0-0A9CC8DF2A6B%7D%7C%7C&AppEnvironment=datacollector-binary&UploadType=eteventstream] status=Processing
[2017.10.10-21.11.03:649][404]LogHttp: Display: Sleeping 0.5s to wait for 1 outstanding Http requests.
[2017.10.10-21.11.04:149][404]LogHttp: Display: Sleeping 0.5s to wait for 1 outstanding Http requests.
[2017.10.10-21.11.04:656][404]LogModuleManager: Shutting down and abandoning module SSL (38)
[2017.10.10-21.11.04:656][404]LogModuleManager: Shutting down and abandoning module SteamVR (34)
[2017.10.10-21.11.04:656][404]LogModuleManager: Shutting down and abandoning module ExampleDeviceProfileSelector (32)
[2017.10.10-21.11.04:656][404]LogModuleManager: Shutting down and abandoning module OculusHMD (30)
[2017.10.10-21.11.04:657][404]LogModuleManager: Shutting down and abandoning module ShaderCore (28)
[2017.10.10-21.11.04:657][404]LogModuleManager: Shutting down and abandoning module Landscape (26)
[2017.10.10-21.11.04:657][404]LogModuleManager: Shutting down and abandoning module SlateRHIRenderer (24)
[2017.10.10-21.11.04:657][404]LogModuleManager: Shutting down and abandoning module OpenGLDrv (22)
[2017.10.10-21.11.04:658][404]LogModuleManager: Shutting down and abandoning module D3D11RHI (20)
[2017.10.10-21.11.04:658][404]LogModuleManager: Shutting down and abandoning module AnimGraphRuntime (18)
[2017.10.10-21.11.04:658][404]LogModuleManager: Shutting down and abandoning module Renderer (16)
[2017.10.10-21.11.04:658][404]LogModuleManager: Shutting down and abandoning module Engine (14)
[2017.10.10-21.11.04:658][404]LogModuleManager: Shutting down and abandoning module CoreUObject (12)
[2017.10.10-21.11.04:658][404]LogModuleManager: Shutting down and abandoning module NetworkFile (10)
[2017.10.10-21.11.04:658][404]LogModuleManager: Shutting down and abandoning module CookedIterativeFile (8)
[2017.10.10-21.11.04:658][404]LogModuleManager: Shutting down and abandoning module StreamingFile (6)
[2017.10.10-21.11.04:658][404]LogModuleManager: Shutting down and abandoning module SandboxFile (4)
[2017.10.10-21.11.04:658][404]LogModuleManager: Shutting down and abandoning module PakFile (2)
[2017.10.10-21.11.04:660][404]LogExit: Exiting.
[2017.10.10-21.11.04:670][404]Log file closed, 10/10/17 23:11:04
